Using pre-set license
Built from '2020.3/staging' branch; Version is '2020.3.4f1 (0abb6314276a) revision 703331'; Using compiler version '192528614'; Build Type 'Release'
OS: 'Windows 10 Home; OS build 19042.1110; Version 2009; 64bit' Language: 'en' Physical Memory: 16322 MB
BatchMode: 1, IsHumanControllingUs: 0, StartBugReporterOnCrash: 0, Is64bit: 1, IsPro: 0

 COMMAND LINE ARGUMENTS:
D:\SpelD\Unity\Editor\2020.3.4f1\Editor\Unity.exe
-adb2
-batchMode
-noUpm
-name
AssetImportWorker0
-projectPath
D:/SpelD/Unity/Projects/Tutorials Kryzarel/Items and Inventory
-logFile
Logs/AssetImportWorker0.log
-srvPort
51378
Successfully changed project path to: D:/SpelD/Unity/Projects/Tutorials Kryzarel/Items and Inventory
D:/SpelD/Unity/Projects/Tutorials Kryzarel/Items and Inventory
Using Asset Import Pipeline V2.
Refreshing native plugins compatible for Editor in 52.54 ms, found 0 plugins.
Preloading 0 native plugins for Editor in 0.00 ms.
Initialize engine version: 2020.3.4f1 (0abb6314276a)
[Subsystems] Discovering subsystems at path D:/SpelD/Unity/Editor/2020.3.4f1/Editor/Data/Resources/UnitySubsystems
[Subsystems] Discovering subsystems at path D:/SpelD/Unity/Projects/Tutorials Kryzarel/Items and Inventory/Assets
GfxDevice: creating device client; threaded=0
Direct3D:
    Version:  Direct3D 11.0 [level 11.1]
    Renderer: NVIDIA GeForce GTX 980M (ID=0x1617)
    Vendor:   
    VRAM:     4053 MB
    Driver:   30.0.14.7111
Initialize mono
Mono path[0] = 'D:/SpelD/Unity/Editor/2020.3.4f1/Editor/Data/Managed'
Mono path[1] = 'D:/SpelD/Unity/Editor/2020.3.4f1/Editor/Data/MonoBleedingEdge/lib/mono/unityjit'
Mono config path = 'D:/SpelD/Unity/Editor/2020.3.4f1/Editor/Data/MonoBleedingEdge/etc'
Using monoOptions --debugger-agent=transport=dt_socket,embedding=1,server=y,suspend=n,address=127.0.0.1:56672
Begin MonoManager ReloadAssembly
Registering precompiled unity dll's ...
Register platform support module: D:/SpelD/Unity/Editor/2020.3.4f1/Editor/Data/PlaybackEngines/WebGLSupport/UnityEditor.WebGL.Extensions.dll
Register platform support module: D:/SpelD/Unity/Editor/2020.3.4f1/Editor/Data/PlaybackEngines/WindowsStandaloneSupport/UnityEditor.WindowsStandalone.Extensions.dll
Registered in 0.001832 seconds.
Native extension for WindowsStandalone target not found
Native extension for WebGL target not found
Refreshing native plugins compatible for Editor in 52.46 ms, found 0 plugins.
Preloading 0 native plugins for Editor in 0.00 ms.
Mono: successfully reloaded assembly
- Completed reload, in  7.823 seconds
Platform modules already initialized, skipping
Registering precompiled user dll's ...
Registered in 0.002022 seconds.
Begin MonoManager ReloadAssembly
Native extension for WindowsStandalone target not found
Native extension for WebGL target not found
Refreshing native plugins compatible for Editor in 52.30 ms, found 0 plugins.
Preloading 0 native plugins for Editor in 0.00 ms.
Mono: successfully reloaded assembly
- Completed reload, in  1.140 seconds
Platform modules already initialized, skipping
========================================================================
Worker process is ready to serve import requests
Shader 'Universal Render Pipeline/Particles/Lit': fallback shader 'Universal Render Pipeline/Particles/SimpleLit' not found
Shader 'Universal Render Pipeline/Particles/Lit': fallback shader 'Universal Render Pipeline/Particles/SimpleLit' not found
Launched and connected shader compiler UnityShaderCompiler.exe after 0.19 seconds
Refreshing native plugins compatible for Editor in 0.42 ms, found 0 plugins.
Preloading 0 native plugins for Editor in 0.00 ms.
Unloading 2483 Unused Serialized files (Serialized files now loaded: 0)
System memory in use before: 115.4 MB.
System memory in use after: 112.8 MB.

Unloading 38 unused Assets to reduce memory usage. Loaded Objects now: 2899.
Total: 4.646800 ms (FindLiveObjects: 0.455600 ms CreateObjectMapping: 0.225000 ms MarkObjects: 2.615800 ms  DeleteObjects: 1.349400 ms)

========================================================================
Received Import Request.
  path: Assets/Scripts/Inventory/BaseItemSlot.cs
  artifactKey: Guid(8cc2bab62aaa7984081dc009a809d1ad) Importer(815301076,1909f56bfc062723c751e8b465ee728b)
Start importing Assets/Scripts/Inventory/BaseItemSlot.cs using Guid(8cc2bab62aaa7984081dc009a809d1ad) Importer(815301076,1909f56bfc062723c751e8b465ee728b)  -> (artifact id: '1cd2b09fb57b0c674235bbf3fe8a88ea') in 0.057175 seconds
  Import took 0.084597 seconds .

========================================================================
Received Prepare
Registering precompiled user dll's ...
Registered in 0.002375 seconds.
Begin MonoManager ReloadAssembly
Native extension for WindowsStandalone target not found
Native extension for WebGL target not found
Refreshing native plugins compatible for Editor in 0.52 ms, found 0 plugins.
Preloading 0 native plugins for Editor in 0.00 ms.
Mono: successfully reloaded assembly
- Completed reload, in  1.456 seconds
Platform modules already initialized, skipping
Shader 'Universal Render Pipeline/Particles/Lit': fallback shader 'Universal Render Pipeline/Particles/SimpleLit' not found
Shader 'Universal Render Pipeline/Particles/Lit': fallback shader 'Universal Render Pipeline/Particles/SimpleLit' not found
Refreshing native plugins compatible for Editor in 0.47 ms, found 0 plugins.
Preloading 0 native plugins for Editor in 0.00 ms.
Unloading 2399 Unused Serialized files (Serialized files now loaded: 0)
System memory in use before: 111.3 MB.
System memory in use after: 108.8 MB.

Unloading 34 unused Assets to reduce memory usage. Loaded Objects now: 2902.
Total: 5.063200 ms (FindLiveObjects: 0.374900 ms CreateObjectMapping: 0.120200 ms MarkObjects: 3.047100 ms  DeleteObjects: 1.519900 ms)

========================================================================
Received Import Request.
  Time since last request: 848.573844 seconds.
  path: Assets/Data/CraftingRecipes/Armor.asset
  artifactKey: Guid(49a6e488b5d2725479d13bfb64addfd6) Importer(815301076,1909f56bfc062723c751e8b465ee728b)
Start importing Assets/Data/CraftingRecipes/Armor.asset using Guid(49a6e488b5d2725479d13bfb64addfd6) Importer(815301076,1909f56bfc062723c751e8b465ee728b)  -> (artifact id: '4a155427f3047fe3290961a889af9704') in 0.072268 seconds
  Import took 0.117572 seconds .

========================================================================
Received Import Request.
  Time since last request: 7.873485 seconds.
  path: Assets/Scripts/CraftingSystem/CraftingRecipeSO.cs
  artifactKey: Guid(01f5889bebeddd947957ec156e8881c5) Importer(815301076,1909f56bfc062723c751e8b465ee728b)
Start importing Assets/Scripts/CraftingSystem/CraftingRecipeSO.cs using Guid(01f5889bebeddd947957ec156e8881c5) Importer(815301076,1909f56bfc062723c751e8b465ee728b)  -> (artifact id: '7ded367fdda0bd6e2f665a8cce6d51dc') in 0.009096 seconds
  Import took 0.056323 seconds .

========================================================================
Received Prepare
Registering precompiled user dll's ...
Registered in 0.001671 seconds.
Begin MonoManager ReloadAssembly
Native extension for WindowsStandalone target not found
Native extension for WebGL target not found
Refreshing native plugins compatible for Editor in 0.43 ms, found 0 plugins.
Preloading 0 native plugins for Editor in 0.00 ms.
Mono: successfully reloaded assembly
- Completed reload, in  1.103 seconds
Platform modules already initialized, skipping
Shader 'Universal Render Pipeline/Particles/Lit': fallback shader 'Universal Render Pipeline/Particles/SimpleLit' not found
Shader 'Universal Render Pipeline/Particles/Lit': fallback shader 'Universal Render Pipeline/Particles/SimpleLit' not found
Refreshing native plugins compatible for Editor in 0.54 ms, found 0 plugins.
Preloading 0 native plugins for Editor in 0.00 ms.
Unloading 2399 Unused Serialized files (Serialized files now loaded: 0)
System memory in use before: 111.4 MB.
System memory in use after: 108.8 MB.

Unloading 34 unused Assets to reduce memory usage. Loaded Objects now: 2905.
Total: 6.474700 ms (FindLiveObjects: 0.323200 ms CreateObjectMapping: 0.258500 ms MarkObjects: 3.722900 ms  DeleteObjects: 2.168100 ms)

========================================================================
Received Import Request.
  Time since last request: 129.800752 seconds.
  path: Assets/Scripts/CraftingSystem/CraftingRecipeSO.cs
  artifactKey: Guid(01f5889bebeddd947957ec156e8881c5) Importer(815301076,1909f56bfc062723c751e8b465ee728b)
Start importing Assets/Scripts/CraftingSystem/CraftingRecipeSO.cs using Guid(01f5889bebeddd947957ec156e8881c5) Importer(815301076,1909f56bfc062723c751e8b465ee728b)  -> (artifact id: '26b98c13d3031ef6aa6182deacc2b2f9') in 0.007677 seconds
  Import took 0.054098 seconds .

========================================================================
Received Prepare
Registering precompiled user dll's ...
Registered in 0.001894 seconds.
Begin MonoManager ReloadAssembly
Native extension for WindowsStandalone target not found
Native extension for WebGL target not found
Refreshing native plugins compatible for Editor in 0.46 ms, found 0 plugins.
Preloading 0 native plugins for Editor in 0.00 ms.
Mono: successfully reloaded assembly
- Completed reload, in  1.071 seconds
Platform modules already initialized, skipping
Shader 'Universal Render Pipeline/Particles/Lit': fallback shader 'Universal Render Pipeline/Particles/SimpleLit' not found
Shader 'Universal Render Pipeline/Particles/Lit': fallback shader 'Universal Render Pipeline/Particles/SimpleLit' not found
Refreshing native plugins compatible for Editor in 0.56 ms, found 0 plugins.
Preloading 0 native plugins for Editor in 0.00 ms.
Unloading 2399 Unused Serialized files (Serialized files now loaded: 0)
System memory in use before: 111.4 MB.
System memory in use after: 108.8 MB.

Unloading 34 unused Assets to reduce memory usage. Loaded Objects now: 2908.
Total: 6.315900 ms (FindLiveObjects: 0.528700 ms CreateObjectMapping: 0.289900 ms MarkObjects: 3.532800 ms  DeleteObjects: 1.963100 ms)

========================================================================
Received Import Request.
  Time since last request: 137.445750 seconds.
  path: Assets/Scripts/CraftingSystem/CraftingRecipeSO.cs
  artifactKey: Guid(01f5889bebeddd947957ec156e8881c5) Importer(815301076,1909f56bfc062723c751e8b465ee728b)
Start importing Assets/Scripts/CraftingSystem/CraftingRecipeSO.cs using Guid(01f5889bebeddd947957ec156e8881c5) Importer(815301076,1909f56bfc062723c751e8b465ee728b)  -> (artifact id: '39aa6b59e45aa9ad7d230d7f8d56d92d') in 0.007181 seconds
  Import took 0.051004 seconds .

========================================================================
Received Prepare
Registering precompiled user dll's ...
Registered in 0.002816 seconds.
Begin MonoManager ReloadAssembly
Native extension for WindowsStandalone target not found
Native extension for WebGL target not found
Refreshing native plugins compatible for Editor in 0.42 ms, found 0 plugins.
Preloading 0 native plugins for Editor in 0.00 ms.
Mono: successfully reloaded assembly
- Completed reload, in  1.076 seconds
Platform modules already initialized, skipping
Shader 'Universal Render Pipeline/Particles/Lit': fallback shader 'Universal Render Pipeline/Particles/SimpleLit' not found
Shader 'Universal Render Pipeline/Particles/Lit': fallback shader 'Universal Render Pipeline/Particles/SimpleLit' not found
Refreshing native plugins compatible for Editor in 0.43 ms, found 0 plugins.
Preloading 0 native plugins for Editor in 0.00 ms.
Unloading 2399 Unused Serialized files (Serialized files now loaded: 0)
System memory in use before: 111.3 MB.
System memory in use after: 108.9 MB.

Unloading 34 unused Assets to reduce memory usage. Loaded Objects now: 2911.
Total: 5.685800 ms (FindLiveObjects: 0.430000 ms CreateObjectMapping: 0.179800 ms MarkObjects: 3.276200 ms  DeleteObjects: 1.797900 ms)

========================================================================
Received Prepare
Registering precompiled user dll's ...
Registered in 0.002925 seconds.
Begin MonoManager ReloadAssembly
Native extension for WindowsStandalone target not found
Native extension for WebGL target not found
Refreshing native plugins compatible for Editor in 0.42 ms, found 0 plugins.
Preloading 0 native plugins for Editor in 0.00 ms.
Mono: successfully reloaded assembly
- Completed reload, in  1.095 seconds
Platform modules already initialized, skipping
Shader 'Universal Render Pipeline/Particles/Lit': fallback shader 'Universal Render Pipeline/Particles/SimpleLit' not found
Shader 'Universal Render Pipeline/Particles/Lit': fallback shader 'Universal Render Pipeline/Particles/SimpleLit' not found
Refreshing native plugins compatible for Editor in 0.49 ms, found 0 plugins.
Preloading 0 native plugins for Editor in 0.00 ms.
Unloading 2399 Unused Serialized files (Serialized files now loaded: 0)
System memory in use before: 111.3 MB.
System memory in use after: 108.8 MB.

Unloading 34 unused Assets to reduce memory usage. Loaded Objects now: 2914.
Total: 5.504000 ms (FindLiveObjects: 0.436400 ms CreateObjectMapping: 0.143900 ms MarkObjects: 3.030900 ms  DeleteObjects: 1.891300 ms)

========================================================================
Received Prepare
Registering precompiled user dll's ...
Registered in 0.003014 seconds.
Begin MonoManager ReloadAssembly
Native extension for WindowsStandalone target not found
Native extension for WebGL target not found
Refreshing native plugins compatible for Editor in 0.43 ms, found 0 plugins.
Preloading 0 native plugins for Editor in 0.00 ms.
Mono: successfully reloaded assembly
- Completed reload, in  1.118 seconds
Platform modules already initialized, skipping
Shader 'Universal Render Pipeline/Particles/Lit': fallback shader 'Universal Render Pipeline/Particles/SimpleLit' not found
Shader 'Universal Render Pipeline/Particles/Lit': fallback shader 'Universal Render Pipeline/Particles/SimpleLit' not found
Refreshing native plugins compatible for Editor in 0.46 ms, found 0 plugins.
Preloading 0 native plugins for Editor in 0.00 ms.
Unloading 2399 Unused Serialized files (Serialized files now loaded: 0)
System memory in use before: 111.4 MB.
System memory in use after: 108.9 MB.

Unloading 34 unused Assets to reduce memory usage. Loaded Objects now: 2917.
Total: 7.314900 ms (FindLiveObjects: 0.362800 ms CreateObjectMapping: 0.132600 ms MarkObjects: 3.980900 ms  DeleteObjects: 2.836900 ms)

========================================================================
Received Prepare
Registering precompiled user dll's ...
Registered in 0.002181 seconds.
Begin MonoManager ReloadAssembly
Native extension for WindowsStandalone target not found
Native extension for WebGL target not found
Refreshing native plugins compatible for Editor in 0.62 ms, found 0 plugins.
Preloading 0 native plugins for Editor in 0.00 ms.
Mono: successfully reloaded assembly
- Completed reload, in  1.120 seconds
Platform modules already initialized, skipping
Shader 'Universal Render Pipeline/Particles/Lit': fallback shader 'Universal Render Pipeline/Particles/SimpleLit' not found
Shader 'Universal Render Pipeline/Particles/Lit': fallback shader 'Universal Render Pipeline/Particles/SimpleLit' not found
Refreshing native plugins compatible for Editor in 0.43 ms, found 0 plugins.
Preloading 0 native plugins for Editor in 0.00 ms.
Unloading 2399 Unused Serialized files (Serialized files now loaded: 0)
System memory in use before: 111.4 MB.
System memory in use after: 108.9 MB.

Unloading 34 unused Assets to reduce memory usage. Loaded Objects now: 2920.
Total: 6.126800 ms (FindLiveObjects: 0.659800 ms CreateObjectMapping: 0.291700 ms MarkObjects: 2.943400 ms  DeleteObjects: 2.230500 ms)

========================================================================
Received Import Request.
  Time since last request: 6232.881868 seconds.
  path: Assets/Data/CraftingRecipes/Armor.asset
  artifactKey: Guid(49a6e488b5d2725479d13bfb64addfd6) Importer(815301076,1909f56bfc062723c751e8b465ee728b)
Start importing Assets/Data/CraftingRecipes/Armor.asset using Guid(49a6e488b5d2725479d13bfb64addfd6) Importer(815301076,1909f56bfc062723c751e8b465ee728b)  -> (artifact id: '3ae49158281cb11565a90370c7df7927') in 0.028144 seconds
  Import took 0.040318 seconds .

========================================================================
Received Import Request.
  Time since last request: 111.792346 seconds.
  path: Assets/Data/CraftingRecipes/Bow.asset
  artifactKey: Guid(2fee7c8c0854f724a9397c91a53409ce) Importer(815301076,1909f56bfc062723c751e8b465ee728b)
Start importing Assets/Data/CraftingRecipes/Bow.asset using Guid(2fee7c8c0854f724a9397c91a53409ce) Importer(815301076,1909f56bfc062723c751e8b465ee728b)  -> (artifact id: '83f4ca2746221a78d49ab179c7b0964a') in 0.032683 seconds
  Import took 0.054020 seconds .

========================================================================
Received Prepare
Registering precompiled user dll's ...
Registered in 0.002080 seconds.
Begin MonoManager ReloadAssembly
Native extension for WindowsStandalone target not found
Native extension for WebGL target not found
Refreshing native plugins compatible for Editor in 0.43 ms, found 0 plugins.
Preloading 0 native plugins for Editor in 0.00 ms.
Mono: successfully reloaded assembly
- Completed reload, in  1.078 seconds
Platform modules already initialized, skipping
Shader 'Universal Render Pipeline/Particles/Lit': fallback shader 'Universal Render Pipeline/Particles/SimpleLit' not found
Shader 'Universal Render Pipeline/Particles/Lit': fallback shader 'Universal Render Pipeline/Particles/SimpleLit' not found
Refreshing native plugins compatible for Editor in 0.43 ms, found 0 plugins.
Preloading 0 native plugins for Editor in 0.00 ms.
Unloading 2399 Unused Serialized files (Serialized files now loaded: 0)
System memory in use before: 111.4 MB.
System memory in use after: 108.9 MB.

Unloading 34 unused Assets to reduce memory usage. Loaded Objects now: 2923.
Total: 5.059600 ms (FindLiveObjects: 0.715200 ms CreateObjectMapping: 0.375700 ms MarkObjects: 2.371600 ms  DeleteObjects: 1.596100 ms)

========================================================================
Received Import Request.
  Time since last request: 8123.079398 seconds.
  path: Assets/Prefabs/InventoryPrefabs/CraftingRecipeUI.prefab
  artifactKey: Guid(3cb908d2fb15af845bcecfa1ccebbeb8) Importer(815301076,1909f56bfc062723c751e8b465ee728b)
Start importing Assets/Prefabs/InventoryPrefabs/CraftingRecipeUI.prefab using Guid(3cb908d2fb15af845bcecfa1ccebbeb8) Importer(815301076,1909f56bfc062723c751e8b465ee728b)  -> (artifact id: 'c3392b8dfc2a2968382df3fa2959cae4') in 0.088219 seconds
  Import took 0.130226 seconds .

========================================================================
Received Prepare
Registering precompiled user dll's ...
Registered in 0.001844 seconds.
Begin MonoManager ReloadAssembly
Native extension for WindowsStandalone target not found
Native extension for WebGL target not found
Refreshing native plugins compatible for Editor in 0.50 ms, found 0 plugins.
Preloading 0 native plugins for Editor in 0.00 ms.
Mono: successfully reloaded assembly
- Completed reload, in  1.173 seconds
Platform modules already initialized, skipping
Shader 'Universal Render Pipeline/Particles/Lit': fallback shader 'Universal Render Pipeline/Particles/SimpleLit' not found
Shader 'Universal Render Pipeline/Particles/Lit': fallback shader 'Universal Render Pipeline/Particles/SimpleLit' not found
Refreshing native plugins compatible for Editor in 0.44 ms, found 0 plugins.
Preloading 0 native plugins for Editor in 0.00 ms.
Unloading 2399 Unused Serialized files (Serialized files now loaded: 0)
System memory in use before: 111.5 MB.
System memory in use after: 109.0 MB.

Unloading 36 unused Assets to reduce memory usage. Loaded Objects now: 2928.
Total: 4.450700 ms (FindLiveObjects: 0.330800 ms CreateObjectMapping: 0.157200 ms MarkObjects: 2.284100 ms  DeleteObjects: 1.676700 ms)

========================================================================
Received Prepare
Registering precompiled user dll's ...
Registered in 0.002465 seconds.
Begin MonoManager ReloadAssembly
Native extension for WindowsStandalone target not found
Native extension for WebGL target not found
Refreshing native plugins compatible for Editor in 0.56 ms, found 0 plugins.
Preloading 0 native plugins for Editor in 0.00 ms.
Mono: successfully reloaded assembly
- Completed reload, in  1.583 seconds
Platform modules already initialized, skipping
Shader 'Universal Render Pipeline/Particles/Lit': fallback shader 'Universal Render Pipeline/Particles/SimpleLit' not found
Shader 'Universal Render Pipeline/Particles/Lit': fallback shader 'Universal Render Pipeline/Particles/SimpleLit' not found
Refreshing native plugins compatible for Editor in 0.55 ms, found 0 plugins.
Preloading 0 native plugins for Editor in 0.00 ms.
Unloading 2399 Unused Serialized files (Serialized files now loaded: 0)
System memory in use before: 111.4 MB.
System memory in use after: 108.9 MB.

Unloading 34 unused Assets to reduce memory usage. Loaded Objects now: 2931.
Total: 5.180100 ms (FindLiveObjects: 0.421200 ms CreateObjectMapping: 0.233100 ms MarkObjects: 2.815100 ms  DeleteObjects: 1.709400 ms)

========================================================================
Received Prepare
Registering precompiled user dll's ...
Registered in 0.001751 seconds.
Begin MonoManager ReloadAssembly
Native extension for WindowsStandalone target not found
Native extension for WebGL target not found
Refreshing native plugins compatible for Editor in 0.48 ms, found 0 plugins.
Preloading 0 native plugins for Editor in 0.00 ms.
Mono: successfully reloaded assembly
- Completed reload, in  1.122 seconds
Platform modules already initialized, skipping
Shader 'Universal Render Pipeline/Particles/Lit': fallback shader 'Universal Render Pipeline/Particles/SimpleLit' not found
Shader 'Universal Render Pipeline/Particles/Lit': fallback shader 'Universal Render Pipeline/Particles/SimpleLit' not found
Refreshing native plugins compatible for Editor in 0.44 ms, found 0 plugins.
Preloading 0 native plugins for Editor in 0.00 ms.
Unloading 2399 Unused Serialized files (Serialized files now loaded: 0)
System memory in use before: 111.5 MB.
System memory in use after: 109.0 MB.

Unloading 34 unused Assets to reduce memory usage. Loaded Objects now: 2934.
Total: 4.239900 ms (FindLiveObjects: 0.304600 ms CreateObjectMapping: 0.142300 ms MarkObjects: 2.158200 ms  DeleteObjects: 1.633800 ms)

========================================================================
Received Prepare
Registering precompiled user dll's ...
Registered in 0.002353 seconds.
Begin MonoManager ReloadAssembly
Native extension for WindowsStandalone target not found
Native extension for WebGL target not found
Refreshing native plugins compatible for Editor in 0.43 ms, found 0 plugins.
Preloading 0 native plugins for Editor in 0.00 ms.
Mono: successfully reloaded assembly
- Completed reload, in  1.036 seconds
Platform modules already initialized, skipping
Shader 'Universal Render Pipeline/Particles/Lit': fallback shader 'Universal Render Pipeline/Particles/SimpleLit' not found
Shader 'Universal Render Pipeline/Particles/Lit': fallback shader 'Universal Render Pipeline/Particles/SimpleLit' not found
Refreshing native plugins compatible for Editor in 0.43 ms, found 0 plugins.
Preloading 0 native plugins for Editor in 0.00 ms.
Unloading 2399 Unused Serialized files (Serialized files now loaded: 0)
System memory in use before: 111.5 MB.
System memory in use after: 109.0 MB.

Unloading 34 unused Assets to reduce memory usage. Loaded Objects now: 2937.
Total: 4.836100 ms (FindLiveObjects: 0.402700 ms CreateObjectMapping: 0.149100 ms MarkObjects: 2.645300 ms  DeleteObjects: 1.637800 ms)

========================================================================
Received Prepare
Registering precompiled user dll's ...
Registered in 0.002181 seconds.
Begin MonoManager ReloadAssembly
Native extension for WindowsStandalone target not found
Native extension for WebGL target not found
Refreshing native plugins compatible for Editor in 0.43 ms, found 0 plugins.
Preloading 0 native plugins for Editor in 0.00 ms.
Mono: successfully reloaded assembly
- Completed reload, in  1.093 seconds
Platform modules already initialized, skipping
Shader 'Universal Render Pipeline/Particles/Lit': fallback shader 'Universal Render Pipeline/Particles/SimpleLit' not found
Shader 'Universal Render Pipeline/Particles/Lit': fallback shader 'Universal Render Pipeline/Particles/SimpleLit' not found
Refreshing native plugins compatible for Editor in 0.42 ms, found 0 plugins.
Preloading 0 native plugins for Editor in 0.00 ms.
Unloading 2399 Unused Serialized files (Serialized files now loaded: 0)
System memory in use before: 111.6 MB.
System memory in use after: 109.0 MB.

Unloading 34 unused Assets to reduce memory usage. Loaded Objects now: 2940.
Total: 4.421100 ms (FindLiveObjects: 0.371100 ms CreateObjectMapping: 0.248400 ms MarkObjects: 2.178200 ms  DeleteObjects: 1.622600 ms)

========================================================================
Received Prepare
Registering precompiled user dll's ...
Registered in 0.002396 seconds.
Begin MonoManager ReloadAssembly
Native extension for WindowsStandalone target not found
Native extension for WebGL target not found
Refreshing native plugins compatible for Editor in 0.43 ms, found 0 plugins.
Preloading 0 native plugins for Editor in 0.00 ms.
Mono: successfully reloaded assembly
- Completed reload, in  1.087 seconds
Platform modules already initialized, skipping
Shader 'Universal Render Pipeline/Particles/Lit': fallback shader 'Universal Render Pipeline/Particles/SimpleLit' not found
Shader 'Universal Render Pipeline/Particles/Lit': fallback shader 'Universal Render Pipeline/Particles/SimpleLit' not found
Refreshing native plugins compatible for Editor in 0.44 ms, found 0 plugins.
Preloading 0 native plugins for Editor in 0.00 ms.
Unloading 2399 Unused Serialized files (Serialized files now loaded: 0)
System memory in use before: 111.5 MB.
System memory in use after: 109.0 MB.

Unloading 34 unused Assets to reduce memory usage. Loaded Objects now: 2943.
Total: 6.098400 ms (FindLiveObjects: 0.710000 ms CreateObjectMapping: 0.302400 ms MarkObjects: 3.122900 ms  DeleteObjects: 1.961700 ms)

========================================================================
Received Prepare
Registering precompiled user dll's ...
Registered in 0.001754 seconds.
Begin MonoManager ReloadAssembly
Native extension for WindowsStandalone target not found
Native extension for WebGL target not found
Refreshing native plugins compatible for Editor in 0.44 ms, found 0 plugins.
Preloading 0 native plugins for Editor in 0.00 ms.
Mono: successfully reloaded assembly
- Completed reload, in  1.102 seconds
Platform modules already initialized, skipping
Shader 'Universal Render Pipeline/Particles/Lit': fallback shader 'Universal Render Pipeline/Particles/SimpleLit' not found
Shader 'Universal Render Pipeline/Particles/Lit': fallback shader 'Universal Render Pipeline/Particles/SimpleLit' not found
Refreshing native plugins compatible for Editor in 0.84 ms, found 0 plugins.
Preloading 0 native plugins for Editor in 0.00 ms.
Unloading 2399 Unused Serialized files (Serialized files now loaded: 0)
System memory in use before: 111.4 MB.
System memory in use after: 108.9 MB.

Unloading 34 unused Assets to reduce memory usage. Loaded Objects now: 2946.
Total: 5.496000 ms (FindLiveObjects: 0.327000 ms CreateObjectMapping: 0.176500 ms MarkObjects: 3.126700 ms  DeleteObjects: 1.864000 ms)

========================================================================
Received Prepare
Registering precompiled user dll's ...
Registered in 0.002215 seconds.
Begin MonoManager ReloadAssembly
Native extension for WindowsStandalone target not found
Native extension for WebGL target not found
Refreshing native plugins compatible for Editor in 0.43 ms, found 0 plugins.
Preloading 0 native plugins for Editor in 0.00 ms.
Mono: successfully reloaded assembly
- Completed reload, in  1.069 seconds
Platform modules already initialized, skipping
Shader 'Universal Render Pipeline/Particles/Lit': fallback shader 'Universal Render Pipeline/Particles/SimpleLit' not found
Shader 'Universal Render Pipeline/Particles/Lit': fallback shader 'Universal Render Pipeline/Particles/SimpleLit' not found
Refreshing native plugins compatible for Editor in 0.43 ms, found 0 plugins.
Preloading 0 native plugins for Editor in 0.00 ms.
Unloading 2399 Unused Serialized files (Serialized files now loaded: 0)
System memory in use before: 111.5 MB.
System memory in use after: 109.0 MB.

Unloading 34 unused Assets to reduce memory usage. Loaded Objects now: 2949.
Total: 4.521300 ms (FindLiveObjects: 0.302100 ms CreateObjectMapping: 0.132400 ms MarkObjects: 2.403400 ms  DeleteObjects: 1.680400 ms)

========================================================================
Received Prepare
Registering precompiled user dll's ...
Registered in 0.001593 seconds.
Begin MonoManager ReloadAssembly
Native extension for WindowsStandalone target not found
Native extension for WebGL target not found
Refreshing native plugins compatible for Editor in 0.43 ms, found 0 plugins.
Preloading 0 native plugins for Editor in 0.00 ms.
Mono: successfully reloaded assembly
- Completed reload, in  1.098 seconds
Platform modules already initialized, skipping
Shader 'Universal Render Pipeline/Particles/Lit': fallback shader 'Universal Render Pipeline/Particles/SimpleLit' not found
Shader 'Universal Render Pipeline/Particles/Lit': fallback shader 'Universal Render Pipeline/Particles/SimpleLit' not found
Refreshing native plugins compatible for Editor in 0.53 ms, found 0 plugins.
Preloading 0 native plugins for Editor in 0.00 ms.
Unloading 2399 Unused Serialized files (Serialized files now loaded: 0)
System memory in use before: 111.5 MB.
System memory in use after: 109.0 MB.

Unloading 34 unused Assets to reduce memory usage. Loaded Objects now: 2952.
Total: 5.515900 ms (FindLiveObjects: 0.574800 ms CreateObjectMapping: 0.197300 ms MarkObjects: 2.783600 ms  DeleteObjects: 1.958400 ms)

