Using pre-set license
Built from '2020.3/staging' branch; Version is '2020.3.4f1 (0abb6314276a) revision 703331'; Using compiler version '192528614'; Build Type 'Release'
OS: 'Windows 10 Home; OS build 19042.1110; Version 2009; 64bit' Language: 'en' Physical Memory: 16322 MB
BatchMode: 1, IsHumanControllingUs: 0, StartBugReporterOnCrash: 0, Is64bit: 1, IsPro: 0

 COMMAND LINE ARGUMENTS:
D:\SpelD\Unity\Editor\2020.3.4f1\Editor\Unity.exe
-adb2
-batchMode
-noUpm
-name
AssetImportWorker0
-projectPath
D:/SpelD/Unity/Projects/Tutorials Kryzarel/Items and Inventory
-logFile
Logs/AssetImportWorker0.log
-srvPort
57070
Successfully changed project path to: D:/SpelD/Unity/Projects/Tutorials Kryzarel/Items and Inventory
D:/SpelD/Unity/Projects/Tutorials Kryzarel/Items and Inventory
Using Asset Import Pipeline V2.
Refreshing native plugins compatible for Editor in 58.93 ms, found 0 plugins.
Preloading 0 native plugins for Editor in 0.00 ms.
Initialize engine version: 2020.3.4f1 (0abb6314276a)
[Subsystems] Discovering subsystems at path D:/SpelD/Unity/Editor/2020.3.4f1/Editor/Data/Resources/UnitySubsystems
[Subsystems] Discovering subsystems at path D:/SpelD/Unity/Projects/Tutorials Kryzarel/Items and Inventory/Assets
GfxDevice: creating device client; threaded=0
Direct3D:
    Version:  Direct3D 11.0 [level 11.1]
    Renderer: NVIDIA GeForce GTX 980M (ID=0x1617)
    Vendor:   
    VRAM:     4053 MB
    Driver:   30.0.14.7111
Initialize mono
Mono path[0] = 'D:/SpelD/Unity/Editor/2020.3.4f1/Editor/Data/Managed'
Mono path[1] = 'D:/SpelD/Unity/Editor/2020.3.4f1/Editor/Data/MonoBleedingEdge/lib/mono/unityjit'
Mono config path = 'D:/SpelD/Unity/Editor/2020.3.4f1/Editor/Data/MonoBleedingEdge/etc'
Using monoOptions --debugger-agent=transport=dt_socket,embedding=1,server=y,suspend=n,address=127.0.0.1:56080
Begin MonoManager ReloadAssembly
Registering precompiled unity dll's ...
Register platform support module: D:/SpelD/Unity/Editor/2020.3.4f1/Editor/Data/PlaybackEngines/WebGLSupport/UnityEditor.WebGL.Extensions.dll
Register platform support module: D:/SpelD/Unity/Editor/2020.3.4f1/Editor/Data/PlaybackEngines/WindowsStandaloneSupport/UnityEditor.WindowsStandalone.Extensions.dll
Registered in 0.001723 seconds.
Native extension for WindowsStandalone target not found
Native extension for WebGL target not found
Refreshing native plugins compatible for Editor in 51.02 ms, found 0 plugins.
Preloading 0 native plugins for Editor in 0.00 ms.
Mono: successfully reloaded assembly
- Completed reload, in  1.589 seconds
Platform modules already initialized, skipping
Registering precompiled user dll's ...
Registered in 0.001605 seconds.
Begin MonoManager ReloadAssembly
Native extension for WindowsStandalone target not found
Native extension for WebGL target not found
Refreshing native plugins compatible for Editor in 54.24 ms, found 0 plugins.
Preloading 0 native plugins for Editor in 0.00 ms.
Mono: successfully reloaded assembly
- Completed reload, in  1.299 seconds
Platform modules already initialized, skipping
========================================================================
Worker process is ready to serve import requests
Shader 'Universal Render Pipeline/Particles/Lit': fallback shader 'Universal Render Pipeline/Particles/SimpleLit' not found
Shader 'Universal Render Pipeline/Particles/Lit': fallback shader 'Universal Render Pipeline/Particles/SimpleLit' not found
Launched and connected shader compiler UnityShaderCompiler.exe after 0.05 seconds
Refreshing native plugins compatible for Editor in 0.42 ms, found 0 plugins.
Preloading 0 native plugins for Editor in 0.00 ms.
Unloading 2483 Unused Serialized files (Serialized files now loaded: 0)
System memory in use before: 115.4 MB.
System memory in use after: 112.8 MB.

Unloading 38 unused Assets to reduce memory usage. Loaded Objects now: 2899.
Total: 4.464300 ms (FindLiveObjects: 0.347100 ms CreateObjectMapping: 0.197900 ms MarkObjects: 2.402700 ms  DeleteObjects: 1.515300 ms)

========================================================================
Received Import Request.
  path: Assets/Scripts/Inventory/ItemStash.cs
  artifactKey: Guid(04015147cc954bf4b848849c0735ed5d) Importer(815301076,1909f56bfc062723c751e8b465ee728b)
Start importing Assets/Scripts/Inventory/ItemStash.cs using Guid(04015147cc954bf4b848849c0735ed5d) Importer(815301076,1909f56bfc062723c751e8b465ee728b)  -> (artifact id: 'd3ac3ff9ba0836d540d9a08b55bb87d7') in 0.058654 seconds
  Import took 0.064222 seconds .

========================================================================
Received Prepare
Registering precompiled user dll's ...
Registered in 0.001709 seconds.
Begin MonoManager ReloadAssembly
Native extension for WindowsStandalone target not found
Native extension for WebGL target not found
Refreshing native plugins compatible for Editor in 0.41 ms, found 0 plugins.
Preloading 0 native plugins for Editor in 0.00 ms.
Mono: successfully reloaded assembly
- Completed reload, in  1.103 seconds
Platform modules already initialized, skipping
Shader 'Universal Render Pipeline/Particles/Lit': fallback shader 'Universal Render Pipeline/Particles/SimpleLit' not found
Shader 'Universal Render Pipeline/Particles/Lit': fallback shader 'Universal Render Pipeline/Particles/SimpleLit' not found
Refreshing native plugins compatible for Editor in 0.43 ms, found 0 plugins.
Preloading 0 native plugins for Editor in 0.00 ms.
Unloading 2399 Unused Serialized files (Serialized files now loaded: 0)
System memory in use before: 111.3 MB.
System memory in use after: 108.8 MB.

Unloading 34 unused Assets to reduce memory usage. Loaded Objects now: 2902.
Total: 5.493600 ms (FindLiveObjects: 0.380200 ms CreateObjectMapping: 0.198700 ms MarkObjects: 2.977500 ms  DeleteObjects: 1.936100 ms)

========================================================================
Received Import Request.
  Time since last request: 27.739014 seconds.
  path: Assets/Scripts/Inventory/ItemChest.cs
  artifactKey: Guid(fc894b39bf037534686be585c482ebc3) Importer(815301076,1909f56bfc062723c751e8b465ee728b)
Start importing Assets/Scripts/Inventory/ItemChest.cs using Guid(fc894b39bf037534686be585c482ebc3) Importer(815301076,1909f56bfc062723c751e8b465ee728b)  -> (artifact id: 'ca1cdbf098c42a2ee31cc2dd9e7cad5d') in 0.012093 seconds
  Import took 0.017177 seconds .

========================================================================
Received Import Request.
  Time since last request: 0.070923 seconds.
  path: Assets/Scripts/Inventory/ItemChest.cs
  artifactKey: Guid(fc894b39bf037534686be585c482ebc3) Importer(815301076,1909f56bfc062723c751e8b465ee728b)
Start importing Assets/Scripts/Inventory/ItemChest.cs using Guid(fc894b39bf037534686be585c482ebc3) Importer(815301076,1909f56bfc062723c751e8b465ee728b)  -> (artifact id: 'ca1cdbf098c42a2ee31cc2dd9e7cad5d') in 0.002970 seconds
  Import took 0.008421 seconds .

========================================================================
Received Prepare
Registering precompiled user dll's ...
Registered in 0.002506 seconds.
Begin MonoManager ReloadAssembly
Native extension for WindowsStandalone target not found
Native extension for WebGL target not found
Refreshing native plugins compatible for Editor in 0.42 ms, found 0 plugins.
Preloading 0 native plugins for Editor in 0.00 ms.
Mono: successfully reloaded assembly
- Completed reload, in  1.040 seconds
Platform modules already initialized, skipping
Shader 'Universal Render Pipeline/Particles/Lit': fallback shader 'Universal Render Pipeline/Particles/SimpleLit' not found
Shader 'Universal Render Pipeline/Particles/Lit': fallback shader 'Universal Render Pipeline/Particles/SimpleLit' not found
Refreshing native plugins compatible for Editor in 0.43 ms, found 0 plugins.
Preloading 0 native plugins for Editor in 0.00 ms.
Unloading 2399 Unused Serialized files (Serialized files now loaded: 0)
System memory in use before: 111.4 MB.
System memory in use after: 108.8 MB.

Unloading 34 unused Assets to reduce memory usage. Loaded Objects now: 2905.
Total: 4.161700 ms (FindLiveObjects: 0.279700 ms CreateObjectMapping: 0.122300 ms MarkObjects: 2.229700 ms  DeleteObjects: 1.529000 ms)

========================================================================
Received Prepare
Registering precompiled user dll's ...
Registered in 0.001626 seconds.
Begin MonoManager ReloadAssembly
Native extension for WindowsStandalone target not found
Native extension for WebGL target not found
Refreshing native plugins compatible for Editor in 0.43 ms, found 0 plugins.
Preloading 0 native plugins for Editor in 0.00 ms.
Mono: successfully reloaded assembly
- Completed reload, in  1.102 seconds
Platform modules already initialized, skipping
Shader 'Universal Render Pipeline/Particles/Lit': fallback shader 'Universal Render Pipeline/Particles/SimpleLit' not found
Shader 'Universal Render Pipeline/Particles/Lit': fallback shader 'Universal Render Pipeline/Particles/SimpleLit' not found
Refreshing native plugins compatible for Editor in 0.43 ms, found 0 plugins.
Preloading 0 native plugins for Editor in 0.00 ms.
Unloading 2399 Unused Serialized files (Serialized files now loaded: 0)
System memory in use before: 111.4 MB.
System memory in use after: 108.8 MB.

Unloading 34 unused Assets to reduce memory usage. Loaded Objects now: 2908.
Total: 5.473100 ms (FindLiveObjects: 0.378800 ms CreateObjectMapping: 0.172000 ms MarkObjects: 3.041300 ms  DeleteObjects: 1.879600 ms)

========================================================================
Received Prepare
Registering precompiled user dll's ...
Registered in 0.001543 seconds.
Begin MonoManager ReloadAssembly
Native extension for WindowsStandalone target not found
Native extension for WebGL target not found
Refreshing native plugins compatible for Editor in 0.50 ms, found 0 plugins.
Preloading 0 native plugins for Editor in 0.00 ms.
Mono: successfully reloaded assembly
- Completed reload, in  1.121 seconds
Platform modules already initialized, skipping
Shader 'Universal Render Pipeline/Particles/Lit': fallback shader 'Universal Render Pipeline/Particles/SimpleLit' not found
Shader 'Universal Render Pipeline/Particles/Lit': fallback shader 'Universal Render Pipeline/Particles/SimpleLit' not found
Refreshing native plugins compatible for Editor in 0.42 ms, found 0 plugins.
Preloading 0 native plugins for Editor in 0.00 ms.
Unloading 2399 Unused Serialized files (Serialized files now loaded: 0)
System memory in use before: 111.4 MB.
System memory in use after: 108.9 MB.

Unloading 34 unused Assets to reduce memory usage. Loaded Objects now: 2911.
Total: 4.810100 ms (FindLiveObjects: 0.262900 ms CreateObjectMapping: 0.120300 ms MarkObjects: 2.020400 ms  DeleteObjects: 2.405500 ms)

========================================================================
Received Prepare
Registering precompiled user dll's ...
Registered in 0.001828 seconds.
Begin MonoManager ReloadAssembly
Native extension for WindowsStandalone target not found
Native extension for WebGL target not found
Refreshing native plugins compatible for Editor in 0.50 ms, found 0 plugins.
Preloading 0 native plugins for Editor in 0.00 ms.
Mono: successfully reloaded assembly
- Completed reload, in  1.030 seconds
Platform modules already initialized, skipping
Shader 'Universal Render Pipeline/Particles/Lit': fallback shader 'Universal Render Pipeline/Particles/SimpleLit' not found
Shader 'Universal Render Pipeline/Particles/Lit': fallback shader 'Universal Render Pipeline/Particles/SimpleLit' not found
Refreshing native plugins compatible for Editor in 0.43 ms, found 0 plugins.
Preloading 0 native plugins for Editor in 0.00 ms.
Unloading 2399 Unused Serialized files (Serialized files now loaded: 0)
System memory in use before: 111.3 MB.
System memory in use after: 108.8 MB.

Unloading 34 unused Assets to reduce memory usage. Loaded Objects now: 2914.
Total: 5.547600 ms (FindLiveObjects: 0.279700 ms CreateObjectMapping: 0.130400 ms MarkObjects: 3.195400 ms  DeleteObjects: 1.941000 ms)

========================================================================
Received Import Request.
  Time since last request: 3490.174687 seconds.
  path: Assets/Prefabs/InventoryPrefabs/ItemStashWindow.prefab
  artifactKey: Guid(ff285ea844df4a641ae54fd3500df7c3) Importer(815301076,1909f56bfc062723c751e8b465ee728b)
Start importing Assets/Prefabs/InventoryPrefabs/ItemStashWindow.prefab using Guid(ff285ea844df4a641ae54fd3500df7c3) Importer(815301076,1909f56bfc062723c751e8b465ee728b)  -> (artifact id: '9bea10568f40253ceaaafba06d0475ee') in 0.086243 seconds
  Import took 0.093163 seconds .

========================================================================
Received Prepare
Registering precompiled user dll's ...
Registered in 0.002770 seconds.
Begin MonoManager ReloadAssembly
Native extension for WindowsStandalone target not found
Native extension for WebGL target not found
Refreshing native plugins compatible for Editor in 0.50 ms, found 0 plugins.
Preloading 0 native plugins for Editor in 0.00 ms.
Mono: successfully reloaded assembly
- Completed reload, in  1.117 seconds
Platform modules already initialized, skipping
Shader 'Universal Render Pipeline/Particles/Lit': fallback shader 'Universal Render Pipeline/Particles/SimpleLit' not found
Shader 'Universal Render Pipeline/Particles/Lit': fallback shader 'Universal Render Pipeline/Particles/SimpleLit' not found
Refreshing native plugins compatible for Editor in 0.79 ms, found 0 plugins.
Preloading 0 native plugins for Editor in 0.00 ms.
Unloading 2399 Unused Serialized files (Serialized files now loaded: 0)
System memory in use before: 111.5 MB.
System memory in use after: 109.0 MB.

Unloading 37 unused Assets to reduce memory usage. Loaded Objects now: 2919.
Total: 6.058100 ms (FindLiveObjects: 0.306600 ms CreateObjectMapping: 0.145000 ms MarkObjects: 3.594700 ms  DeleteObjects: 2.010100 ms)

========================================================================
Received Prepare
Registering precompiled user dll's ...
Registered in 0.001701 seconds.
Begin MonoManager ReloadAssembly
Native extension for WindowsStandalone target not found
Native extension for WebGL target not found
Refreshing native plugins compatible for Editor in 0.45 ms, found 0 plugins.
Preloading 0 native plugins for Editor in 0.00 ms.
Mono: successfully reloaded assembly
- Completed reload, in  1.080 seconds
Platform modules already initialized, skipping
Shader 'Universal Render Pipeline/Particles/Lit': fallback shader 'Universal Render Pipeline/Particles/SimpleLit' not found
Shader 'Universal Render Pipeline/Particles/Lit': fallback shader 'Universal Render Pipeline/Particles/SimpleLit' not found
Refreshing native plugins compatible for Editor in 0.42 ms, found 0 plugins.
Preloading 0 native plugins for Editor in 0.00 ms.
Unloading 2399 Unused Serialized files (Serialized files now loaded: 0)
System memory in use before: 111.5 MB.
System memory in use after: 109.0 MB.

Unloading 34 unused Assets to reduce memory usage. Loaded Objects now: 2922.
Total: 5.052000 ms (FindLiveObjects: 0.285100 ms CreateObjectMapping: 0.133500 ms MarkObjects: 2.402900 ms  DeleteObjects: 2.229400 ms)

========================================================================
Received Prepare
Registering precompiled user dll's ...
Registered in 0.001559 seconds.
Begin MonoManager ReloadAssembly
Native extension for WindowsStandalone target not found
Native extension for WebGL target not found
Refreshing native plugins compatible for Editor in 0.48 ms, found 0 plugins.
Preloading 0 native plugins for Editor in 0.00 ms.
Mono: successfully reloaded assembly
- Completed reload, in  1.216 seconds
Platform modules already initialized, skipping
Shader 'Universal Render Pipeline/Particles/Lit': fallback shader 'Universal Render Pipeline/Particles/SimpleLit' not found
Shader 'Universal Render Pipeline/Particles/Lit': fallback shader 'Universal Render Pipeline/Particles/SimpleLit' not found
Refreshing native plugins compatible for Editor in 0.47 ms, found 0 plugins.
Preloading 0 native plugins for Editor in 0.00 ms.
Unloading 2399 Unused Serialized files (Serialized files now loaded: 0)
System memory in use before: 111.5 MB.
System memory in use after: 109.0 MB.

Unloading 34 unused Assets to reduce memory usage. Loaded Objects now: 2925.
Total: 5.325700 ms (FindLiveObjects: 0.281100 ms CreateObjectMapping: 0.138100 ms MarkObjects: 2.672000 ms  DeleteObjects: 2.233100 ms)

========================================================================
Received Prepare
Registering precompiled user dll's ...
Registered in 0.001519 seconds.
Begin MonoManager ReloadAssembly
Native extension for WindowsStandalone target not found
Native extension for WebGL target not found
Refreshing native plugins compatible for Editor in 0.41 ms, found 0 plugins.
Preloading 0 native plugins for Editor in 0.00 ms.
Mono: successfully reloaded assembly
- Completed reload, in  0.994 seconds
Platform modules already initialized, skipping
Shader 'Universal Render Pipeline/Particles/Lit': fallback shader 'Universal Render Pipeline/Particles/SimpleLit' not found
Shader 'Universal Render Pipeline/Particles/Lit': fallback shader 'Universal Render Pipeline/Particles/SimpleLit' not found
Refreshing native plugins compatible for Editor in 0.42 ms, found 0 plugins.
Preloading 0 native plugins for Editor in 0.00 ms.
Unloading 2399 Unused Serialized files (Serialized files now loaded: 0)
System memory in use before: 111.5 MB.
System memory in use after: 109.0 MB.

Unloading 34 unused Assets to reduce memory usage. Loaded Objects now: 2928.
Total: 4.896200 ms (FindLiveObjects: 0.265400 ms CreateObjectMapping: 0.133300 ms MarkObjects: 2.281500 ms  DeleteObjects: 2.215000 ms)

========================================================================
Received Import Request.
  Time since last request: 3416.608007 seconds.
  path: Assets/Prefabs/InventoryPrefabs/ItemsInventoryCanvas.prefab
  artifactKey: Guid(19edf13cf70d1fd459a2c9c896e6c519) Importer(815301076,1909f56bfc062723c751e8b465ee728b)
Start importing Assets/Prefabs/InventoryPrefabs/ItemsInventoryCanvas.prefab using Guid(19edf13cf70d1fd459a2c9c896e6c519) Importer(815301076,1909f56bfc062723c751e8b465ee728b)  -> (artifact id: 'cb5606535803deb0ce13fe3f5208f94b') in 0.109783 seconds
  Import took 0.116397 seconds .

========================================================================
Received Prepare
Registering precompiled user dll's ...
Registered in 0.001707 seconds.
Begin MonoManager ReloadAssembly
Native extension for WindowsStandalone target not found
Native extension for WebGL target not found
Refreshing native plugins compatible for Editor in 0.45 ms, found 0 plugins.
Preloading 0 native plugins for Editor in 0.00 ms.
Mono: successfully reloaded assembly
- Completed reload, in  1.100 seconds
Platform modules already initialized, skipping
Shader 'Universal Render Pipeline/Particles/Lit': fallback shader 'Universal Render Pipeline/Particles/SimpleLit' not found
Shader 'Universal Render Pipeline/Particles/Lit': fallback shader 'Universal Render Pipeline/Particles/SimpleLit' not found
Refreshing native plugins compatible for Editor in 0.48 ms, found 0 plugins.
Preloading 0 native plugins for Editor in 0.00 ms.
Unloading 2404 Unused Serialized files (Serialized files now loaded: 0)
System memory in use before: 111.8 MB.
System memory in use after: 109.2 MB.

Unloading 38 unused Assets to reduce memory usage. Loaded Objects now: 2941.
Total: 4.620700 ms (FindLiveObjects: 0.337700 ms CreateObjectMapping: 0.110900 ms MarkObjects: 2.398200 ms  DeleteObjects: 1.773200 ms)

========================================================================
Received Prepare
Registering precompiled user dll's ...
Registered in 0.002926 seconds.
Begin MonoManager ReloadAssembly
Native extension for WindowsStandalone target not found
Native extension for WebGL target not found
Refreshing native plugins compatible for Editor in 0.74 ms, found 0 plugins.
Preloading 0 native plugins for Editor in 0.00 ms.
Mono: successfully reloaded assembly
- Completed reload, in  1.460 seconds
Platform modules already initialized, skipping
Shader 'Universal Render Pipeline/Particles/Lit': fallback shader 'Universal Render Pipeline/Particles/SimpleLit' not found
Shader 'Universal Render Pipeline/Particles/Lit': fallback shader 'Universal Render Pipeline/Particles/SimpleLit' not found
Refreshing native plugins compatible for Editor in 0.75 ms, found 0 plugins.
Preloading 0 native plugins for Editor in 0.00 ms.
Unloading 2399 Unused Serialized files (Serialized files now loaded: 0)
System memory in use before: 111.6 MB.
System memory in use after: 109.1 MB.

Unloading 34 unused Assets to reduce memory usage. Loaded Objects now: 2944.
Total: 5.011000 ms (FindLiveObjects: 0.287500 ms CreateObjectMapping: 0.206000 ms MarkObjects: 2.758700 ms  DeleteObjects: 1.756700 ms)

========================================================================
Received Prepare
Registering precompiled user dll's ...
Registered in 0.001519 seconds.
Begin MonoManager ReloadAssembly
Native extension for WindowsStandalone target not found
Native extension for WebGL target not found
Refreshing native plugins compatible for Editor in 0.42 ms, found 0 plugins.
Preloading 0 native plugins for Editor in 0.00 ms.
Mono: successfully reloaded assembly
- Completed reload, in  1.064 seconds
Platform modules already initialized, skipping
Shader 'Universal Render Pipeline/Particles/Lit': fallback shader 'Universal Render Pipeline/Particles/SimpleLit' not found
Shader 'Universal Render Pipeline/Particles/Lit': fallback shader 'Universal Render Pipeline/Particles/SimpleLit' not found
Refreshing native plugins compatible for Editor in 0.43 ms, found 0 plugins.
Preloading 0 native plugins for Editor in 0.00 ms.
Unloading 2399 Unused Serialized files (Serialized files now loaded: 0)
System memory in use before: 111.6 MB.
System memory in use after: 109.1 MB.

Unloading 34 unused Assets to reduce memory usage. Loaded Objects now: 2947.
Total: 4.428800 ms (FindLiveObjects: 0.300800 ms CreateObjectMapping: 0.125100 ms MarkObjects: 2.248600 ms  DeleteObjects: 1.753200 ms)

========================================================================
Received Prepare
Registering precompiled user dll's ...
Registered in 0.002227 seconds.
Begin MonoManager ReloadAssembly
Native extension for WindowsStandalone target not found
Native extension for WebGL target not found
Refreshing native plugins compatible for Editor in 0.43 ms, found 0 plugins.
Preloading 0 native plugins for Editor in 0.00 ms.
Mono: successfully reloaded assembly
- Completed reload, in  1.102 seconds
Platform modules already initialized, skipping
Shader 'Universal Render Pipeline/Particles/Lit': fallback shader 'Universal Render Pipeline/Particles/SimpleLit' not found
Shader 'Universal Render Pipeline/Particles/Lit': fallback shader 'Universal Render Pipeline/Particles/SimpleLit' not found
Refreshing native plugins compatible for Editor in 0.43 ms, found 0 plugins.
Preloading 0 native plugins for Editor in 0.00 ms.
Unloading 2399 Unused Serialized files (Serialized files now loaded: 0)
System memory in use before: 111.6 MB.
System memory in use after: 109.1 MB.

Unloading 34 unused Assets to reduce memory usage. Loaded Objects now: 2950.
Total: 4.600400 ms (FindLiveObjects: 0.414000 ms CreateObjectMapping: 0.146800 ms MarkObjects: 2.355000 ms  DeleteObjects: 1.683700 ms)

========================================================================
Received Prepare
Registering precompiled user dll's ...
Registered in 0.001581 seconds.
Begin MonoManager ReloadAssembly
Native extension for WindowsStandalone target not found
Native extension for WebGL target not found
Refreshing native plugins compatible for Editor in 0.51 ms, found 0 plugins.
Preloading 0 native plugins for Editor in 0.00 ms.
Mono: successfully reloaded assembly
- Completed reload, in  1.075 seconds
Platform modules already initialized, skipping
Shader 'Universal Render Pipeline/Particles/Lit': fallback shader 'Universal Render Pipeline/Particles/SimpleLit' not found
Shader 'Universal Render Pipeline/Particles/Lit': fallback shader 'Universal Render Pipeline/Particles/SimpleLit' not found
Refreshing native plugins compatible for Editor in 0.43 ms, found 0 plugins.
Preloading 0 native plugins for Editor in 0.00 ms.
Unloading 2399 Unused Serialized files (Serialized files now loaded: 0)
System memory in use before: 111.7 MB.
System memory in use after: 109.1 MB.

Unloading 34 unused Assets to reduce memory usage. Loaded Objects now: 2953.
Total: 4.642200 ms (FindLiveObjects: 0.446600 ms CreateObjectMapping: 0.179200 ms MarkObjects: 2.229600 ms  DeleteObjects: 1.785600 ms)

========================================================================
Received Prepare
Registering precompiled user dll's ...
Registered in 0.001917 seconds.
Begin MonoManager ReloadAssembly
Native extension for WindowsStandalone target not found
Native extension for WebGL target not found
Refreshing native plugins compatible for Editor in 0.45 ms, found 0 plugins.
Preloading 0 native plugins for Editor in 0.00 ms.
Mono: successfully reloaded assembly
- Completed reload, in  1.413 seconds
Platform modules already initialized, skipping
Shader 'Universal Render Pipeline/Particles/Lit': fallback shader 'Universal Render Pipeline/Particles/SimpleLit' not found
Shader 'Universal Render Pipeline/Particles/Lit': fallback shader 'Universal Render Pipeline/Particles/SimpleLit' not found
Refreshing native plugins compatible for Editor in 0.52 ms, found 0 plugins.
Preloading 0 native plugins for Editor in 0.00 ms.
Unloading 2399 Unused Serialized files (Serialized files now loaded: 0)
System memory in use before: 111.6 MB.
System memory in use after: 109.0 MB.

Unloading 34 unused Assets to reduce memory usage. Loaded Objects now: 2956.
Total: 5.416100 ms (FindLiveObjects: 0.304900 ms CreateObjectMapping: 0.151500 ms MarkObjects: 2.934300 ms  DeleteObjects: 2.024100 ms)

========================================================================
Received Prepare
Registering precompiled user dll's ...
Registered in 0.002459 seconds.
Begin MonoManager ReloadAssembly
Native extension for WindowsStandalone target not found
Native extension for WebGL target not found
Refreshing native plugins compatible for Editor in 0.70 ms, found 0 plugins.
Preloading 0 native plugins for Editor in 0.00 ms.
Mono: successfully reloaded assembly
- Completed reload, in  1.334 seconds
Platform modules already initialized, skipping
Shader 'Universal Render Pipeline/Particles/Lit': fallback shader 'Universal Render Pipeline/Particles/SimpleLit' not found
Shader 'Universal Render Pipeline/Particles/Lit': fallback shader 'Universal Render Pipeline/Particles/SimpleLit' not found
Refreshing native plugins compatible for Editor in 0.59 ms, found 0 plugins.
Preloading 0 native plugins for Editor in 0.00 ms.
Unloading 2399 Unused Serialized files (Serialized files now loaded: 0)
System memory in use before: 111.7 MB.
System memory in use after: 109.1 MB.

Unloading 34 unused Assets to reduce memory usage. Loaded Objects now: 2959.
Total: 6.746900 ms (FindLiveObjects: 0.550600 ms CreateObjectMapping: 0.219900 ms MarkObjects: 3.739600 ms  DeleteObjects: 2.235300 ms)

========================================================================
Received Import Request.
  Time since last request: 6708.763816 seconds.
  path: Assets/Prefabs/InventoryPrefabs/ItemStashWindow.prefab
  artifactKey: Guid(ff285ea844df4a641ae54fd3500df7c3) Importer(815301076,1909f56bfc062723c751e8b465ee728b)
Start importing Assets/Prefabs/InventoryPrefabs/ItemStashWindow.prefab using Guid(ff285ea844df4a641ae54fd3500df7c3) Importer(815301076,1909f56bfc062723c751e8b465ee728b)  -> (artifact id: '003faa29e8662f7ce9b5a2f840b8f6d3') in 0.075562 seconds
  Import took 0.082058 seconds .

========================================================================
Received Prepare
Registering precompiled user dll's ...
Registered in 0.001570 seconds.
Begin MonoManager ReloadAssembly
Native extension for WindowsStandalone target not found
Native extension for WebGL target not found
Refreshing native plugins compatible for Editor in 0.47 ms, found 0 plugins.
Preloading 0 native plugins for Editor in 0.00 ms.
Mono: successfully reloaded assembly
- Completed reload, in  1.068 seconds
Platform modules already initialized, skipping
Shader 'Universal Render Pipeline/Particles/Lit': fallback shader 'Universal Render Pipeline/Particles/SimpleLit' not found
Shader 'Universal Render Pipeline/Particles/Lit': fallback shader 'Universal Render Pipeline/Particles/SimpleLit' not found
Refreshing native plugins compatible for Editor in 0.48 ms, found 0 plugins.
Preloading 0 native plugins for Editor in 0.00 ms.
Unloading 2399 Unused Serialized files (Serialized files now loaded: 0)
System memory in use before: 111.6 MB.
System memory in use after: 109.1 MB.

Unloading 37 unused Assets to reduce memory usage. Loaded Objects now: 2962.
Total: 5.131700 ms (FindLiveObjects: 0.312500 ms CreateObjectMapping: 0.129100 ms MarkObjects: 2.604900 ms  DeleteObjects: 2.083600 ms)

========================================================================
Received Import Request.
  Time since last request: 300.206043 seconds.
  path: Assets/Prefabs/InventoryPrefabs/ItemsInventoryCanvas.prefab
  artifactKey: Guid(19edf13cf70d1fd459a2c9c896e6c519) Importer(815301076,1909f56bfc062723c751e8b465ee728b)
Start importing Assets/Prefabs/InventoryPrefabs/ItemsInventoryCanvas.prefab using Guid(19edf13cf70d1fd459a2c9c896e6c519) Importer(815301076,1909f56bfc062723c751e8b465ee728b)  -> (artifact id: 'ad950b09acca2ad400a6b5b24098b5d3') in 0.099405 seconds
  Import took 0.105948 seconds .

========================================================================
Received Prepare
Registering precompiled user dll's ...
Registered in 0.001823 seconds.
Begin MonoManager ReloadAssembly
Native extension for WindowsStandalone target not found
Native extension for WebGL target not found
Refreshing native plugins compatible for Editor in 0.43 ms, found 0 plugins.
Preloading 0 native plugins for Editor in 0.00 ms.
Mono: successfully reloaded assembly
- Completed reload, in  1.041 seconds
Platform modules already initialized, skipping
Shader 'Universal Render Pipeline/Particles/Lit': fallback shader 'Universal Render Pipeline/Particles/SimpleLit' not found
Shader 'Universal Render Pipeline/Particles/Lit': fallback shader 'Universal Render Pipeline/Particles/SimpleLit' not found
Refreshing native plugins compatible for Editor in 0.43 ms, found 0 plugins.
Preloading 0 native plugins for Editor in 0.00 ms.
Unloading 2399 Unused Serialized files (Serialized files now loaded: 0)
System memory in use before: 111.7 MB.
System memory in use after: 109.2 MB.

Unloading 38 unused Assets to reduce memory usage. Loaded Objects now: 2970.
Total: 4.328100 ms (FindLiveObjects: 0.335100 ms CreateObjectMapping: 0.117100 ms MarkObjects: 2.204300 ms  DeleteObjects: 1.670600 ms)

========================================================================
Received Prepare
Registering precompiled user dll's ...
Registered in 0.001949 seconds.
Begin MonoManager ReloadAssembly
Native extension for WindowsStandalone target not found
Native extension for WebGL target not found
Refreshing native plugins compatible for Editor in 0.59 ms, found 0 plugins.
Preloading 0 native plugins for Editor in 0.00 ms.
Mono: successfully reloaded assembly
- Completed reload, in  1.081 seconds
Platform modules already initialized, skipping
Shader 'Universal Render Pipeline/Particles/Lit': fallback shader 'Universal Render Pipeline/Particles/SimpleLit' not found
Shader 'Universal Render Pipeline/Particles/Lit': fallback shader 'Universal Render Pipeline/Particles/SimpleLit' not found
Refreshing native plugins compatible for Editor in 0.42 ms, found 0 plugins.
Preloading 0 native plugins for Editor in 0.00 ms.
Unloading 2399 Unused Serialized files (Serialized files now loaded: 0)
System memory in use before: 111.7 MB.
System memory in use after: 109.2 MB.

Unloading 34 unused Assets to reduce memory usage. Loaded Objects now: 2973.
Total: 4.594300 ms (FindLiveObjects: 0.426300 ms CreateObjectMapping: 0.112200 ms MarkObjects: 2.356900 ms  DeleteObjects: 1.697400 ms)

========================================================================
Received Prepare
Registering precompiled user dll's ...
Registered in 0.001905 seconds.
Begin MonoManager ReloadAssembly
Native extension for WindowsStandalone target not found
Native extension for WebGL target not found
Refreshing native plugins compatible for Editor in 0.44 ms, found 0 plugins.
Preloading 0 native plugins for Editor in 0.00 ms.
Mono: successfully reloaded assembly
- Completed reload, in  1.032 seconds
Platform modules already initialized, skipping
Shader 'Universal Render Pipeline/Particles/Lit': fallback shader 'Universal Render Pipeline/Particles/SimpleLit' not found
Shader 'Universal Render Pipeline/Particles/Lit': fallback shader 'Universal Render Pipeline/Particles/SimpleLit' not found
Refreshing native plugins compatible for Editor in 0.44 ms, found 0 plugins.
Preloading 0 native plugins for Editor in 0.00 ms.
Unloading 2399 Unused Serialized files (Serialized files now loaded: 0)
System memory in use before: 111.6 MB.
System memory in use after: 109.1 MB.

Unloading 34 unused Assets to reduce memory usage. Loaded Objects now: 2976.
Total: 4.244300 ms (FindLiveObjects: 0.334200 ms CreateObjectMapping: 0.120000 ms MarkObjects: 2.146500 ms  DeleteObjects: 1.642700 ms)

========================================================================
Received Import Request.
  Time since last request: 10457.785045 seconds.
  path: Assets/Scripts/CraftingSystem/ItemContainer.cs
  artifactKey: Guid(b9265e5bfaba92047b40e91beebae508) Importer(815301076,1909f56bfc062723c751e8b465ee728b)
Start importing Assets/Scripts/CraftingSystem/ItemContainer.cs using Guid(b9265e5bfaba92047b40e91beebae508) Importer(815301076,1909f56bfc062723c751e8b465ee728b)  -> (artifact id: '3d42b327fa1ce46d97da90232ada3833') in 0.012211 seconds
  Import took 0.017678 seconds .

========================================================================
Received Import Request.
  Time since last request: 0.002086 seconds.
  path: Assets/Scripts/CraftingSystem/ItemContainer.cs
  artifactKey: Guid(b9265e5bfaba92047b40e91beebae508) Importer(815301076,1909f56bfc062723c751e8b465ee728b)
Start importing Assets/Scripts/CraftingSystem/ItemContainer.cs using Guid(b9265e5bfaba92047b40e91beebae508) Importer(815301076,1909f56bfc062723c751e8b465ee728b)  -> (artifact id: '3d42b327fa1ce46d97da90232ada3833') in 0.002907 seconds
  Import took 0.008306 seconds .

========================================================================
Received Import Request.
  Time since last request: 25.025678 seconds.
  path: Assets/Scripts/CraftingSystem/IItemContainer.cs
  artifactKey: Guid(cbd9012a78002b4468a482ef2b9a6e07) Importer(815301076,1909f56bfc062723c751e8b465ee728b)
Start importing Assets/Scripts/CraftingSystem/IItemContainer.cs using Guid(cbd9012a78002b4468a482ef2b9a6e07) Importer(815301076,1909f56bfc062723c751e8b465ee728b)  -> (artifact id: '4d0692a8009dca0ed553813058854711') in 0.009017 seconds
  Import took 0.053043 seconds .

========================================================================
Received Import Request.
  Time since last request: 192.727827 seconds.
  path: Assets/Prefabs/InventoryPrefabs/CraftingRecipeUI.prefab
  artifactKey: Guid(1ed8babdeef9f8b4fa7c759eb160e1b4) Importer(815301076,1909f56bfc062723c751e8b465ee728b)
Start importing Assets/Prefabs/InventoryPrefabs/CraftingRecipeUI.prefab using Guid(1ed8babdeef9f8b4fa7c759eb160e1b4) Importer(815301076,1909f56bfc062723c751e8b465ee728b)  -> (artifact id: 'a4d225768dfb3f193a6a5384a4305965') in 0.066936 seconds
  Import took 0.072387 seconds .

========================================================================
Received Import Request.
  Time since last request: 28.489435 seconds.
  path: Assets/Prefabs/InventoryPrefabs/CraftingWindow.prefab
  artifactKey: Guid(90e3e1feb6a011142b569f2fc79282af) Importer(815301076,1909f56bfc062723c751e8b465ee728b)
Start importing Assets/Prefabs/InventoryPrefabs/CraftingWindow.prefab using Guid(90e3e1feb6a011142b569f2fc79282af) Importer(815301076,1909f56bfc062723c751e8b465ee728b)  -> (artifact id: '182cb77dbc8a6ebcdd0539ca2fc4552b') in 0.118619 seconds
  Import took 0.123606 seconds .

========================================================================
Received Prepare
Registering precompiled user dll's ...
Registered in 0.002619 seconds.
Begin MonoManager ReloadAssembly
Native extension for WindowsStandalone target not found
Native extension for WebGL target not found
Refreshing native plugins compatible for Editor in 0.67 ms, found 0 plugins.
Preloading 0 native plugins for Editor in 0.00 ms.
Mono: successfully reloaded assembly
- Completed reload, in  1.419 seconds
Platform modules already initialized, skipping
Shader 'Universal Render Pipeline/Particles/Lit': fallback shader 'Universal Render Pipeline/Particles/SimpleLit' not found
Shader 'Universal Render Pipeline/Particles/Lit': fallback shader 'Universal Render Pipeline/Particles/SimpleLit' not found
Refreshing native plugins compatible for Editor in 0.82 ms, found 0 plugins.
Preloading 0 native plugins for Editor in 0.00 ms.
Unloading 2399 Unused Serialized files (Serialized files now loaded: 0)
System memory in use before: 111.7 MB.
System memory in use after: 109.2 MB.

Unloading 38 unused Assets to reduce memory usage. Loaded Objects now: 2979.
Total: 6.184700 ms (FindLiveObjects: 0.510700 ms CreateObjectMapping: 0.178900 ms MarkObjects: 3.059800 ms  DeleteObjects: 2.433800 ms)

========================================================================
Received Prepare
Registering precompiled user dll's ...
Registered in 0.001930 seconds.
Begin MonoManager ReloadAssembly
Native extension for WindowsStandalone target not found
Native extension for WebGL target not found
Refreshing native plugins compatible for Editor in 0.52 ms, found 0 plugins.
Preloading 0 native plugins for Editor in 0.00 ms.
Mono: successfully reloaded assembly
- Completed reload, in  1.167 seconds
Platform modules already initialized, skipping
Shader 'Universal Render Pipeline/Particles/Lit': fallback shader 'Universal Render Pipeline/Particles/SimpleLit' not found
Shader 'Universal Render Pipeline/Particles/Lit': fallback shader 'Universal Render Pipeline/Particles/SimpleLit' not found
Refreshing native plugins compatible for Editor in 0.43 ms, found 0 plugins.
Preloading 0 native plugins for Editor in 0.00 ms.
Unloading 2399 Unused Serialized files (Serialized files now loaded: 0)
System memory in use before: 111.7 MB.
System memory in use after: 109.2 MB.

Unloading 34 unused Assets to reduce memory usage. Loaded Objects now: 2982.
Total: 3.947700 ms (FindLiveObjects: 0.258900 ms CreateObjectMapping: 0.118100 ms MarkObjects: 1.916500 ms  DeleteObjects: 1.653000 ms)

========================================================================
Received Import Request.
  Time since last request: 2276.921688 seconds.
  path: Assets/Scripts/Inventory/BaseItemSlot.cs
  artifactKey: Guid(8cc2bab62aaa7984081dc009a809d1ad) Importer(815301076,1909f56bfc062723c751e8b465ee728b)
Start importing Assets/Scripts/Inventory/BaseItemSlot.cs using Guid(8cc2bab62aaa7984081dc009a809d1ad) Importer(815301076,1909f56bfc062723c751e8b465ee728b)  -> (artifact id: 'c6fa32dd4b3afe3a5491ad6f2ad88890') in 0.015683 seconds
  Import took 0.022269 seconds .

========================================================================
Received Prepare
Registering precompiled user dll's ...
Registered in 0.001564 seconds.
Begin MonoManager ReloadAssembly
Native extension for WindowsStandalone target not found
Native extension for WebGL target not found
Refreshing native plugins compatible for Editor in 0.62 ms, found 0 plugins.
Preloading 0 native plugins for Editor in 0.00 ms.
Mono: successfully reloaded assembly
- Completed reload, in  1.053 seconds
Platform modules already initialized, skipping
Shader 'Universal Render Pipeline/Particles/Lit': fallback shader 'Universal Render Pipeline/Particles/SimpleLit' not found
Shader 'Universal Render Pipeline/Particles/Lit': fallback shader 'Universal Render Pipeline/Particles/SimpleLit' not found
Refreshing native plugins compatible for Editor in 0.57 ms, found 0 plugins.
Preloading 0 native plugins for Editor in 0.00 ms.
Unloading 2399 Unused Serialized files (Serialized files now loaded: 0)
System memory in use before: 111.8 MB.
System memory in use after: 109.2 MB.

Unloading 34 unused Assets to reduce memory usage. Loaded Objects now: 2985.
Total: 5.150600 ms (FindLiveObjects: 0.434600 ms CreateObjectMapping: 0.171200 ms MarkObjects: 2.628500 ms  DeleteObjects: 1.915200 ms)

========================================================================
Received Import Request.
  Time since last request: 223.610654 seconds.
  path: Assets/Scripts/Inventory/BaseItemSlot.cs
  artifactKey: Guid(8cc2bab62aaa7984081dc009a809d1ad) Importer(815301076,1909f56bfc062723c751e8b465ee728b)
Start importing Assets/Scripts/Inventory/BaseItemSlot.cs using Guid(8cc2bab62aaa7984081dc009a809d1ad) Importer(815301076,1909f56bfc062723c751e8b465ee728b)  -> (artifact id: 'c7c74692d4a4d398e9ba5beb2d397c99') in 0.007975 seconds
  Import took 0.014008 seconds .

========================================================================
Received Prepare
Registering precompiled user dll's ...
Registered in 0.001880 seconds.
Begin MonoManager ReloadAssembly
Native extension for WindowsStandalone target not found
Native extension for WebGL target not found
Refreshing native plugins compatible for Editor in 0.44 ms, found 0 plugins.
Preloading 0 native plugins for Editor in 0.00 ms.
Mono: successfully reloaded assembly
- Completed reload, in  1.179 seconds
Platform modules already initialized, skipping
Shader 'Universal Render Pipeline/Particles/Lit': fallback shader 'Universal Render Pipeline/Particles/SimpleLit' not found
Shader 'Universal Render Pipeline/Particles/Lit': fallback shader 'Universal Render Pipeline/Particles/SimpleLit' not found
Refreshing native plugins compatible for Editor in 0.51 ms, found 0 plugins.
Preloading 0 native plugins for Editor in 0.00 ms.
Unloading 2399 Unused Serialized files (Serialized files now loaded: 0)
System memory in use before: 111.8 MB.
System memory in use after: 109.2 MB.

Unloading 34 unused Assets to reduce memory usage. Loaded Objects now: 2988.
Total: 5.634000 ms (FindLiveObjects: 0.565500 ms CreateObjectMapping: 0.279600 ms MarkObjects: 2.926500 ms  DeleteObjects: 1.860700 ms)

========================================================================
Received Prepare
Registering precompiled user dll's ...
Registered in 0.001594 seconds.
Begin MonoManager ReloadAssembly
Native extension for WindowsStandalone target not found
Native extension for WebGL target not found
Refreshing native plugins compatible for Editor in 0.42 ms, found 0 plugins.
Preloading 0 native plugins for Editor in 0.00 ms.
Mono: successfully reloaded assembly
- Completed reload, in  1.127 seconds
Platform modules already initialized, skipping
Shader 'Universal Render Pipeline/Particles/Lit': fallback shader 'Universal Render Pipeline/Particles/SimpleLit' not found
Shader 'Universal Render Pipeline/Particles/Lit': fallback shader 'Universal Render Pipeline/Particles/SimpleLit' not found
Refreshing native plugins compatible for Editor in 0.43 ms, found 0 plugins.
Preloading 0 native plugins for Editor in 0.00 ms.
Unloading 2399 Unused Serialized files (Serialized files now loaded: 0)
System memory in use before: 111.6 MB.
System memory in use after: 109.1 MB.

Unloading 34 unused Assets to reduce memory usage. Loaded Objects now: 2991.
Total: 4.997900 ms (FindLiveObjects: 0.319200 ms CreateObjectMapping: 0.144000 ms MarkObjects: 2.644400 ms  DeleteObjects: 1.888800 ms)

========================================================================
Received Prepare
Registering precompiled user dll's ...
Registered in 0.001640 seconds.
Begin MonoManager ReloadAssembly
Native extension for WindowsStandalone target not found
Native extension for WebGL target not found
Refreshing native plugins compatible for Editor in 0.43 ms, found 0 plugins.
Preloading 0 native plugins for Editor in 0.00 ms.
Mono: successfully reloaded assembly
- Completed reload, in  1.086 seconds
Platform modules already initialized, skipping
Shader 'Universal Render Pipeline/Particles/Lit': fallback shader 'Universal Render Pipeline/Particles/SimpleLit' not found
Shader 'Universal Render Pipeline/Particles/Lit': fallback shader 'Universal Render Pipeline/Particles/SimpleLit' not found
Refreshing native plugins compatible for Editor in 0.42 ms, found 0 plugins.
Preloading 0 native plugins for Editor in 0.00 ms.
Unloading 2399 Unused Serialized files (Serialized files now loaded: 0)
System memory in use before: 111.7 MB.
System memory in use after: 109.2 MB.

Unloading 34 unused Assets to reduce memory usage. Loaded Objects now: 2994.
Total: 4.518100 ms (FindLiveObjects: 0.331400 ms CreateObjectMapping: 0.130900 ms MarkObjects: 2.341900 ms  DeleteObjects: 1.712400 ms)

========================================================================
Received Prepare
Registering precompiled user dll's ...
Registered in 0.001703 seconds.
Begin MonoManager ReloadAssembly
Native extension for WindowsStandalone target not found
Native extension for WebGL target not found
Refreshing native plugins compatible for Editor in 0.40 ms, found 0 plugins.
Preloading 0 native plugins for Editor in 0.00 ms.
Mono: successfully reloaded assembly
- Completed reload, in  1.062 seconds
Platform modules already initialized, skipping
Shader 'Universal Render Pipeline/Particles/Lit': fallback shader 'Universal Render Pipeline/Particles/SimpleLit' not found
Shader 'Universal Render Pipeline/Particles/Lit': fallback shader 'Universal Render Pipeline/Particles/SimpleLit' not found
Refreshing native plugins compatible for Editor in 0.43 ms, found 0 plugins.
Preloading 0 native plugins for Editor in 0.00 ms.
Unloading 2399 Unused Serialized files (Serialized files now loaded: 0)
System memory in use before: 111.7 MB.
System memory in use after: 109.2 MB.

Unloading 34 unused Assets to reduce memory usage. Loaded Objects now: 2997.
Total: 4.785900 ms (FindLiveObjects: 0.479200 ms CreateObjectMapping: 0.194600 ms MarkObjects: 2.410200 ms  DeleteObjects: 1.700800 ms)

========================================================================
Received Import Request.
  Time since last request: 2398.960631 seconds.
  path: Assets/Scripts/CraftingSystem/CraftingRecipeUI.cs
  artifactKey: Guid(907b225997763d946a35abdf75104ea1) Importer(815301076,1909f56bfc062723c751e8b465ee728b)
Start importing Assets/Scripts/CraftingSystem/CraftingRecipeUI.cs using Guid(907b225997763d946a35abdf75104ea1) Importer(815301076,1909f56bfc062723c751e8b465ee728b)  -> (artifact id: 'e8b3f31c1d649f395bd36079976b489f') in 0.014175 seconds
  Import took 0.020397 seconds .

========================================================================
Received Import Request.
  Time since last request: 0.020708 seconds.
  path: Assets/Scripts/CraftingSystem/CraftingRecipeUI.cs
  artifactKey: Guid(907b225997763d946a35abdf75104ea1) Importer(815301076,1909f56bfc062723c751e8b465ee728b)
Start importing Assets/Scripts/CraftingSystem/CraftingRecipeUI.cs using Guid(907b225997763d946a35abdf75104ea1) Importer(815301076,1909f56bfc062723c751e8b465ee728b)  -> (artifact id: 'e8b3f31c1d649f395bd36079976b489f') in 0.003701 seconds
  Import took 0.009396 seconds .

========================================================================
Received Import Request.
  Time since last request: 3.994039 seconds.
  path: Assets/Prefabs/InventoryPrefabs/CraftingRecipeUI.prefab
  artifactKey: Guid(1ed8babdeef9f8b4fa7c759eb160e1b4) Importer(815301076,1909f56bfc062723c751e8b465ee728b)
Start importing Assets/Prefabs/InventoryPrefabs/CraftingRecipeUI.prefab using Guid(1ed8babdeef9f8b4fa7c759eb160e1b4) Importer(815301076,1909f56bfc062723c751e8b465ee728b)  -> (artifact id: '318ab58721b06622c50d6a65e569b932') in 0.062695 seconds
  Import took 0.067512 seconds .

========================================================================
Received Import Request.
  Time since last request: 0.027222 seconds.
  path: Assets/Prefabs/InventoryPrefabs/CraftingRecipeUI.prefab
  artifactKey: Guid(1ed8babdeef9f8b4fa7c759eb160e1b4) Importer(815301076,1909f56bfc062723c751e8b465ee728b)
Start importing Assets/Prefabs/InventoryPrefabs/CraftingRecipeUI.prefab using Guid(1ed8babdeef9f8b4fa7c759eb160e1b4) Importer(815301076,1909f56bfc062723c751e8b465ee728b)  -> (artifact id: '318ab58721b06622c50d6a65e569b932') in 0.009635 seconds
  Import took 0.015471 seconds .

========================================================================
Received Import Request.
  Time since last request: 72.858517 seconds.
  path: Assets/Prefabs/InventoryPrefabs/ItemStashWindow.prefab
  artifactKey: Guid(ff285ea844df4a641ae54fd3500df7c3) Importer(815301076,1909f56bfc062723c751e8b465ee728b)
Start importing Assets/Prefabs/InventoryPrefabs/ItemStashWindow.prefab using Guid(ff285ea844df4a641ae54fd3500df7c3) Importer(815301076,1909f56bfc062723c751e8b465ee728b)  -> (artifact id: 'd5c9e7e233e3d9bf0a55c19a79fcad7e') in 0.039449 seconds
  Import took 0.044767 seconds .

========================================================================
Received Import Request.
  Time since last request: 176.213963 seconds.
  path: Assets/Prefabs/InventoryPrefabs/ItemStashWindow.prefab
  artifactKey: Guid(ff285ea844df4a641ae54fd3500df7c3) Importer(815301076,1909f56bfc062723c751e8b465ee728b)
Start importing Assets/Prefabs/InventoryPrefabs/ItemStashWindow.prefab using Guid(ff285ea844df4a641ae54fd3500df7c3) Importer(815301076,1909f56bfc062723c751e8b465ee728b)  -> (artifact id: '5abe44942d6f13425c0c2cc23a285baf') in 0.011934 seconds
  Import took 0.018233 seconds .

========================================================================
Received Import Request.
  Time since last request: 183.465878 seconds.
  path: Assets/Prefabs/InventoryPrefabs/CraftingRecipeUI.prefab
  artifactKey: Guid(1ed8babdeef9f8b4fa7c759eb160e1b4) Importer(815301076,1909f56bfc062723c751e8b465ee728b)
Start importing Assets/Prefabs/InventoryPrefabs/CraftingRecipeUI.prefab using Guid(1ed8babdeef9f8b4fa7c759eb160e1b4) Importer(815301076,1909f56bfc062723c751e8b465ee728b)  -> (artifact id: '4084e7c6aa2ab28025cd0f371a117932') in 0.007827 seconds
  Import took 0.013291 seconds .

========================================================================
Received Import Request.
  Time since last request: 47.655699 seconds.
  path: Assets/Prefabs/InventoryPrefabs/CraftingWindow.prefab
  artifactKey: Guid(90e3e1feb6a011142b569f2fc79282af) Importer(815301076,1909f56bfc062723c751e8b465ee728b)
Start importing Assets/Prefabs/InventoryPrefabs/CraftingWindow.prefab using Guid(90e3e1feb6a011142b569f2fc79282af) Importer(815301076,1909f56bfc062723c751e8b465ee728b)  -> (artifact id: '7f3c815c7761f78817122ed92ad26b35') in 0.105150 seconds
  Import took 0.110790 seconds .

========================================================================
Received Import Request.
  Time since last request: 66.212989 seconds.
  path: Assets/Prefabs/InventoryPrefabs/CraftingWindow.prefab
  artifactKey: Guid(90e3e1feb6a011142b569f2fc79282af) Importer(815301076,1909f56bfc062723c751e8b465ee728b)
Start importing Assets/Prefabs/InventoryPrefabs/CraftingWindow.prefab using Guid(90e3e1feb6a011142b569f2fc79282af) Importer(815301076,1909f56bfc062723c751e8b465ee728b)  -> (artifact id: '214bd9a653ae96b82de7f12852f19409') in 0.018035 seconds
  Import took 0.044112 seconds .

========================================================================
Received Import Request.
  Time since last request: 0.004934 seconds.
  path: Assets/Prefabs/InventoryPrefabs/CraftingWindow.prefab
  artifactKey: Guid(90e3e1feb6a011142b569f2fc79282af) Importer(815301076,1909f56bfc062723c751e8b465ee728b)
Start importing Assets/Prefabs/InventoryPrefabs/CraftingWindow.prefab using Guid(90e3e1feb6a011142b569f2fc79282af) Importer(815301076,1909f56bfc062723c751e8b465ee728b)  -> (artifact id: '214bd9a653ae96b82de7f12852f19409') in 0.015004 seconds
  Import took 0.020952 seconds .

========================================================================
Received Import Request.
  Time since last request: 172.139844 seconds.
  path: Assets/Prefabs/InventoryPrefabs/CraftingRecipeUI.prefab
  artifactKey: Guid(1ed8babdeef9f8b4fa7c759eb160e1b4) Importer(815301076,1909f56bfc062723c751e8b465ee728b)
Start importing Assets/Prefabs/InventoryPrefabs/CraftingRecipeUI.prefab using Guid(1ed8babdeef9f8b4fa7c759eb160e1b4) Importer(815301076,1909f56bfc062723c751e8b465ee728b)  -> (artifact id: '421465c9f7bf9d6c177bd94750c8a46f') in 0.008016 seconds
  Import took 0.013428 seconds .

========================================================================
Received Import Request.
  Time since last request: 0.002275 seconds.
  path: Assets/Prefabs/InventoryPrefabs/CraftingRecipeUI.prefab
  artifactKey: Guid(1ed8babdeef9f8b4fa7c759eb160e1b4) Importer(815301076,1909f56bfc062723c751e8b465ee728b)
Start importing Assets/Prefabs/InventoryPrefabs/CraftingRecipeUI.prefab using Guid(1ed8babdeef9f8b4fa7c759eb160e1b4) Importer(815301076,1909f56bfc062723c751e8b465ee728b)  -> (artifact id: '421465c9f7bf9d6c177bd94750c8a46f') in 0.008044 seconds
  Import took 0.013195 seconds .

========================================================================
Received Import Request.
  Time since last request: 27.066966 seconds.
  path: Assets/Prefabs/InventoryPrefabs/CraftingWindow.prefab
  artifactKey: Guid(90e3e1feb6a011142b569f2fc79282af) Importer(815301076,1909f56bfc062723c751e8b465ee728b)
Start importing Assets/Prefabs/InventoryPrefabs/CraftingWindow.prefab using Guid(90e3e1feb6a011142b569f2fc79282af) Importer(815301076,1909f56bfc062723c751e8b465ee728b)  -> (artifact id: '3ba3d2ef6e8200d37f1e1bd2ce0fbe50') in 0.015284 seconds
  Import took 0.021953 seconds .

========================================================================
Received Import Request.
  Time since last request: 38.183881 seconds.
  path: Assets/Prefabs/InventoryPrefabs/ItemTooltip.prefab
  artifactKey: Guid(402f5746e49840c408df9db86a1647e6) Importer(815301076,1909f56bfc062723c751e8b465ee728b)
Start importing Assets/Prefabs/InventoryPrefabs/ItemTooltip.prefab using Guid(402f5746e49840c408df9db86a1647e6) Importer(815301076,1909f56bfc062723c751e8b465ee728b)  -> (artifact id: '9212917bad3b870ed6e6825e51d6a533') in 0.021114 seconds
  Import took 0.026150 seconds .

========================================================================
Received Import Request.
  Time since last request: 1.395516 seconds.
  path: Assets/Prefabs/InventoryPrefabs/StatTooltip.prefab
  artifactKey: Guid(7da81e96a751c0149b1f7122aa6df73d) Importer(815301076,1909f56bfc062723c751e8b465ee728b)
Start importing Assets/Prefabs/InventoryPrefabs/StatTooltip.prefab using Guid(7da81e96a751c0149b1f7122aa6df73d) Importer(815301076,1909f56bfc062723c751e8b465ee728b)  -> (artifact id: 'c44923c589dd57d92864d499c2229b81') in 0.013244 seconds
  Import took 0.018178 seconds .

========================================================================
Received Import Request.
  Time since last request: 13.462808 seconds.
  path: Assets/Prefabs/InventoryPrefabs/CharacterPanel.prefab
  artifactKey: Guid(29b9759a40916d34292ffe9f7fe73ba5) Importer(815301076,1909f56bfc062723c751e8b465ee728b)
Start importing Assets/Prefabs/InventoryPrefabs/CharacterPanel.prefab using Guid(29b9759a40916d34292ffe9f7fe73ba5) Importer(815301076,1909f56bfc062723c751e8b465ee728b)  -> (artifact id: '7b7f49e3506a0794675e73542dff37b1') in 0.092416 seconds
  Import took 0.097791 seconds .

========================================================================
Received Prepare
Registering precompiled user dll's ...
Registered in 0.002575 seconds.
Begin MonoManager ReloadAssembly
Native extension for WindowsStandalone target not found
Native extension for WebGL target not found
Refreshing native plugins compatible for Editor in 0.47 ms, found 0 plugins.
Preloading 0 native plugins for Editor in 0.00 ms.
Mono: successfully reloaded assembly
- Completed reload, in  1.389 seconds
Platform modules already initialized, skipping
Shader 'Universal Render Pipeline/Particles/Lit': fallback shader 'Universal Render Pipeline/Particles/SimpleLit' not found
Shader 'Universal Render Pipeline/Particles/Lit': fallback shader 'Universal Render Pipeline/Particles/SimpleLit' not found
Refreshing native plugins compatible for Editor in 0.50 ms, found 0 plugins.
Preloading 0 native plugins for Editor in 0.00 ms.
Unloading 2399 Unused Serialized files (Serialized files now loaded: 0)
System memory in use before: 112.1 MB.
System memory in use after: 109.6 MB.

Unloading 38 unused Assets to reduce memory usage. Loaded Objects now: 3003.
Total: 5.908900 ms (FindLiveObjects: 0.393800 ms CreateObjectMapping: 0.216400 ms MarkObjects: 2.880700 ms  DeleteObjects: 2.415900 ms)

========================================================================
Received Prepare
Registering precompiled user dll's ...
Registered in 0.002022 seconds.
Begin MonoManager ReloadAssembly
Native extension for WindowsStandalone target not found
Native extension for WebGL target not found
Refreshing native plugins compatible for Editor in 0.61 ms, found 0 plugins.
Preloading 0 native plugins for Editor in 0.00 ms.
Mono: successfully reloaded assembly
- Completed reload, in  1.338 seconds
Platform modules already initialized, skipping
Shader 'Universal Render Pipeline/Particles/Lit': fallback shader 'Universal Render Pipeline/Particles/SimpleLit' not found
Shader 'Universal Render Pipeline/Particles/Lit': fallback shader 'Universal Render Pipeline/Particles/SimpleLit' not found
Refreshing native plugins compatible for Editor in 0.87 ms, found 0 plugins.
Preloading 0 native plugins for Editor in 0.00 ms.
Unloading 2399 Unused Serialized files (Serialized files now loaded: 0)
System memory in use before: 112.2 MB.
System memory in use after: 109.6 MB.

Unloading 34 unused Assets to reduce memory usage. Loaded Objects now: 3006.
Total: 5.660200 ms (FindLiveObjects: 0.387200 ms CreateObjectMapping: 0.189400 ms MarkObjects: 3.031600 ms  DeleteObjects: 2.050600 ms)

AssetImportWorkerClient::OnTransportError - code=2 error=End of file
